2017-06-16 09:49:37 PM	MySQL server localhost successfully Connected
2017-06-16 09:49:37 PM	Coffeecup mail service started
2017-06-16 09:50:08 PM	Sending PURCHASE ORDER FOR APPROVAL (10003) email notification to winterbugahod@yahoo.com
2017-06-16 09:50:08 PM	Sending PURCHASE ORDER APPROVED (10003) email notification to winterbugahod@yahoo.com
2017-06-16 09:50:08 PM	Signin to smtp.gmail.com server, port 587 with enable ssl True
2017-06-16 09:50:18 PM	PURCHASE ORDER FOR APPROVAL (10003) was successfully sent
2017-06-16 09:50:37 PM	Sending PURCHASE ORDER APPROVED (10003) email notification to winterbugahod@yahoo.com
2017-06-16 09:50:37 PM	Signin to smtp.gmail.com server, port 587 with enable ssl True
2017-06-16 09:50:41 PM	PURCHASE ORDER APPROVED (10003) was successfully sent
2017-06-16 10:00:10 PM	Coffeecup mail service Stop
2017-06-16 10:09:11 PM	MySQL server localhost successfully Connected
2017-06-16 10:09:11 PM	Coffeecup mail service started
2017-06-16 10:14:11 PM	Sending PURCHASE ORDER FOR APPROVAL (10004) email notification to winterbugahod@yahoo.com
2017-06-16 10:14:11 PM	Signin to smtp.gmail.com server, port 587 with enable ssl True
2017-06-16 10:14:16 PM	PURCHASE ORDER FOR APPROVAL (10004) was successfully sent
2017-06-16 10:33:11 PM	Sending PURCHASE ORDER FOR APPROVAL (10004) email notification to winterbugahod@yahoo.com
2017-06-16 10:33:11 PM	Signin to smtp.gmail.com server, port 587 with enable ssl True
2017-06-16 10:33:15 PM	PURCHASE ORDER FOR APPROVAL (10004) was successfully sent
2017-06-16 10:36:41 PM	Sending PURCHASE ORDER APPROVED (10004) email notification to winterbugahod@yahoo.com
2017-06-16 10:36:41 PM	Signin to smtp.gmail.com server, port 587 with enable ssl True
2017-06-16 10:36:44 PM	PURCHASE ORDER APPROVED (10004) was successfully sent
2017-06-16 10:49:41 PM	Sending ACCOUNTS PAYABLE FOR APPROVAL (WH-10005) email notification to winterbugahod@yahoo.com
2017-06-16 10:49:41 PM	Signin to smtp.gmail.com server, port 587 with enable ssl True
2017-06-16 10:49:44 PM	ACCOUNTS PAYABLE FOR APPROVAL (WH-10005) was successfully sent
