2017-04-18 12:48:00 PM	MySQL server localhost successfully Connected
2017-04-18 12:48:00 PM	Coffeecup mail service started
2017-04-18 12:48:30 PM	Sending ACCOUNT PAYABLE FOR APPROVAL email notification to bugahod.winter@mail.kb.local
2017-04-18 12:48:30 PM	Signin to 10.100.0.30 server, port 587 with enable ssl True
2017-04-18 12:48:57 PM	ACCOUNT PAYABLE FOR APPROVAL was successfully sent
2017-04-18 12:52:47 PM	Coffeecup mail service Stop
2017-04-18 12:53:37 PM	MySQL server localhost successfully Connected
2017-04-18 12:53:37 PM	Coffeecup mail service started
2017-04-18 12:54:07 PM	Sending ACCOUNT PAYABLE FOR APPROVAL email notification to bugahod.winter@mail.kb.local
2017-04-18 12:54:07 PM	Signin to 10.100.0.30 server, port 587 with enable ssl True
2017-04-18 12:54:33 PM	ACCOUNT PAYABLE FOR APPROVAL was successfully sent
2017-04-18 12:55:50 PM	Coffeecup mail service Stop
2017-04-18 06:03:35 PM	MySQL server localhost successfully Connected
2017-04-18 06:03:35 PM	Coffeecup mail service started
2017-04-18 06:04:05 PM	Sending PURCHASE REQUEST (R484-20170418-13) email notification to bugahod.winter@mail.kb.local
2017-04-18 06:04:06 PM	Sending IT EQUIPMENTS REQUEST (R484-20170418-15) email notification to bugahod.winter@mail.kb.local
2017-04-18 06:04:06 PM	Sending IT EQUIPMENTS REQUEST (R484-20170418-15) email notification to bugahod.winter@mail.kb.local
2017-04-18 06:04:06 PM	Sending PURCHASE REQUEST (R484-20170418-14) email notification to bugahod.winter@mail.kb.local
2017-04-18 06:04:06 PM	Sending FOR APPROVAL IT EQUIPMENTS REQUEST (R484-20170418-12) email notification to bugahod.winter@mail.kb.local
2017-04-18 06:04:06 PM	Sending FOR APPROVAL PURCHASE REQUEST (R484-20170418-13) email notification to bugahod.winter@mail.kb.local
2017-04-18 06:04:06 PM	Sending ACCOUNTS PAYABLE FOR APPROVAL email notification to bugahod.winter@mail.kb.local
2017-04-18 06:04:06 PM	Sending FOR APPROVAL IT EQUIPMENTS REQUEST (R484-20170418-15) email notification to bugahod.winter@mail.kb.local
2017-04-18 06:04:06 PM	Sending FOR APPROVAL IT EQUIPMENTS REQUEST (R484-20170418-12) email notification to bugahod.winter@mail.kb.local
2017-04-18 06:04:06 PM	Sending APPROVED REQUEST (R484-20170418-13) email notification to bugahod.winter@mail.kb.local
2017-04-18 06:04:06 PM	Signin to 10.100.0.30 server, port 587 with enable ssl True
2017-04-18 06:04:32 PM	PURCHASE REQUEST (R484-20170418-13) was successfully sent
2017-04-18 06:04:35 PM	Sending IT EQUIPMENTS REQUEST (R484-20170418-15) email notification to bugahod.winter@mail.kb.local
2017-04-18 06:04:35 PM	Sending IT EQUIPMENTS REQUEST (R484-20170418-15) email notification to bugahod.winter@mail.kb.local
2017-04-18 06:04:35 PM	Sending PURCHASE REQUEST (R484-20170418-14) email notification to bugahod.winter@mail.kb.local
2017-04-18 06:04:35 PM	Sending FOR APPROVAL IT EQUIPMENTS REQUEST (R484-20170418-12) email notification to bugahod.winter@mail.kb.local
2017-04-18 06:04:35 PM	Sending FOR APPROVAL PURCHASE REQUEST (R484-20170418-13) email notification to bugahod.winter@mail.kb.local
2017-04-18 06:04:35 PM	The process cannot access the file 'D:\My.Net\System Core\Coffeecup Server\Source Code\bin\Debug\Log\2017-04-18.log' because it is being used by another process.
2017-04-18 06:04:35 PM	Sending ACCOUNTS PAYABLE FOR APPROVAL email notification to bugahod.winter@mail.kb.local
2017-04-18 06:04:35 PM	Sending FOR APPROVAL IT EQUIPMENTS REQUEST (R484-20170418-15) email notification to bugahod.winter@mail.kb.local
2017-04-18 06:04:35 PM	Sending FOR APPROVAL IT EQUIPMENTS REQUEST (R484-20170418-12) email notification to bugahod.winter@mail.kb.local
2017-04-18 06:04:35 PM	Sending APPROVED REQUEST (R484-20170418-13) email notification to bugahod.winter@mail.kb.local
2017-04-18 06:04:37 PM	Signin to 10.100.0.30 server, port 587 with enable ssl True
2017-04-18 06:04:47 PM	IT EQUIPMENTS REQUEST (R484-20170418-15) was successfully sent
2017-04-18 06:05:05 PM	Sending IT EQUIPMENTS REQUEST (R484-20170418-15) email notification to bugahod.winter@mail.kb.local
2017-04-18 06:05:05 PM	Signin to 10.100.0.30 server, port 587 with enable ssl True
2017-04-18 06:05:05 PM	ErrorThe process cannot access the file 'D:\My.Net\System Core\Coffeecup Server\Source Code\bin\Debug\Log\2017-04-18.log' because it is being used by another process.
2017-04-18 06:05:05 PM	MySQL server localhost successfully Connected
2017-04-18 06:05:27 PM	IT EQUIPMENTS REQUEST (R484-20170418-15) was successfully sent
2017-04-18 06:05:35 PM	Sending PURCHASE REQUEST (R484-20170418-14) email notification to bugahod.winter@mail.kb.local
2017-04-18 06:05:35 PM	Signin to 10.100.0.30 server, port 587 with enable ssl True
2017-04-18 06:05:35 PM	Sending FOR APPROVAL IT EQUIPMENTS REQUEST (R484-20170418-12) email notification to bugahod.winter@mail.kb.local
2017-04-18 06:05:35 PM	Sending FOR APPROVAL PURCHASE REQUEST (R484-20170418-13) email notification to bugahod.winter@mail.kb.local
2017-04-18 06:05:35 PM	Sending ACCOUNTS PAYABLE FOR APPROVAL email notification to bugahod.winter@mail.kb.local
2017-04-18 06:05:35 PM	Sending FOR APPROVAL IT EQUIPMENTS REQUEST (R484-20170418-15) email notification to bugahod.winter@mail.kb.local
2017-04-18 06:05:35 PM	Sending FOR APPROVAL IT EQUIPMENTS REQUEST (R484-20170418-12) email notification to bugahod.winter@mail.kb.local
2017-04-18 06:05:35 PM	Sending APPROVED REQUEST (R484-20170418-13) email notification to bugahod.winter@mail.kb.local
2017-04-18 06:05:42 PM	PURCHASE REQUEST (R484-20170418-14) was successfully sent
2017-04-18 06:06:05 PM	Sending FOR APPROVAL IT EQUIPMENTS REQUEST (R484-20170418-12) email notification to bugahod.winter@mail.kb.local
2017-04-18 06:06:05 PM	Sending FOR APPROVAL PURCHASE REQUEST (R484-20170418-13) email notification to bugahod.winter@mail.kb.local
2017-04-18 06:06:05 PM	The process cannot access the file 'D:\My.Net\System Core\Coffeecup Server\Source Code\bin\Debug\Log\2017-04-18.log' because it is being used by another process.
2017-04-18 06:06:05 PM	Sending ACCOUNTS PAYABLE FOR APPROVAL email notification to bugahod.winter@mail.kb.local
2017-04-18 06:06:05 PM	Sending FOR APPROVAL IT EQUIPMENTS REQUEST (R484-20170418-15) email notification to bugahod.winter@mail.kb.local
2017-04-18 06:06:05 PM	Sending FOR APPROVAL IT EQUIPMENTS REQUEST (R484-20170418-12) email notification to bugahod.winter@mail.kb.local
2017-04-18 06:06:05 PM	Sending APPROVED REQUEST (R484-20170418-13) email notification to bugahod.winter@mail.kb.local
2017-04-18 06:06:07 PM	Signin to 10.100.0.30 server, port 587 with enable ssl True
2017-04-18 06:06:32 PM	FOR APPROVAL IT EQUIPMENTS REQUEST (R484-20170418-12) was successfully sent
2017-04-18 06:06:35 PM	Sending FOR APPROVAL PURCHASE REQUEST (R484-20170418-13) email notification to bugahod.winter@mail.kb.local
2017-04-18 06:06:35 PM	Sending ACCOUNTS PAYABLE FOR APPROVAL email notification to bugahod.winter@mail.kb.local
2017-04-18 06:06:35 PM	Signin to 10.100.0.30 server, port 587 with enable ssl True
2017-04-18 06:06:35 PM	Sending FOR APPROVAL IT EQUIPMENTS REQUEST (R484-20170418-15) email notification to bugahod.winter@mail.kb.local
2017-04-18 06:06:35 PM	Sending FOR APPROVAL IT EQUIPMENTS REQUEST (R484-20170418-12) email notification to bugahod.winter@mail.kb.local
2017-04-18 06:06:35 PM	Sending APPROVED REQUEST (R484-20170418-13) email notification to bugahod.winter@mail.kb.local
2017-04-18 06:06:42 PM	FOR APPROVAL PURCHASE REQUEST (R484-20170418-13) was successfully sent
2017-04-18 06:07:05 PM	Sending ACCOUNTS PAYABLE FOR APPROVAL email notification to bugahod.winter@mail.kb.local
2017-04-18 06:07:05 PM	Sending FOR APPROVAL IT EQUIPMENTS REQUEST (R484-20170418-15) email notification to bugahod.winter@mail.kb.local
2017-04-18 06:07:05 PM	Signin to 10.100.0.30 server, port 587 with enable ssl True
2017-04-18 06:07:05 PM	Sending FOR APPROVAL IT EQUIPMENTS REQUEST (R484-20170418-12) email notification to bugahod.winter@mail.kb.local
2017-04-18 06:07:05 PM	Sending APPROVED REQUEST (R484-20170418-13) email notification to bugahod.winter@mail.kb.local
2017-04-18 06:07:12 PM	ACCOUNTS PAYABLE FOR APPROVAL was successfully sent
2017-04-18 06:07:35 PM	Sending FOR APPROVAL IT EQUIPMENTS REQUEST (R484-20170418-15) email notification to bugahod.winter@mail.kb.local
2017-04-18 06:07:35 PM	Signin to 10.100.0.30 server, port 587 with enable ssl True
2017-04-18 06:07:35 PM	Sending FOR APPROVAL IT EQUIPMENTS REQUEST (R484-20170418-12) email notification to bugahod.winter@mail.kb.local
2017-04-18 06:07:35 PM	Sending APPROVED REQUEST (R484-20170418-13) email notification to bugahod.winter@mail.kb.local
2017-04-18 06:07:57 PM	FOR APPROVAL IT EQUIPMENTS REQUEST (R484-20170418-15) was successfully sent
2017-04-18 06:08:05 PM	Sending FOR APPROVAL IT EQUIPMENTS REQUEST (R484-20170418-12) email notification to bugahod.winter@mail.kb.local
2017-04-18 06:08:05 PM	Sending APPROVED REQUEST (R484-20170418-13) email notification to bugahod.winter@mail.kb.local
2017-04-18 06:08:05 PM	Signin to 10.100.0.30 server, port 587 with enable ssl True
2017-04-18 06:08:12 PM	FOR APPROVAL IT EQUIPMENTS REQUEST (R484-20170418-12) was successfully sent
2017-04-18 06:08:35 PM	Sending APPROVED REQUEST (R484-20170418-13) email notification to bugahod.winter@mail.kb.local
2017-04-18 06:08:35 PM	Signin to 10.100.0.30 server, port 587 with enable ssl True
2017-04-18 06:08:42 PM	APPROVED REQUEST (R484-20170418-13) was successfully sent
2017-04-18 07:04:14 PM	Coffeecup mail service Stop
